============================================================
TESTE AVANÃADO ROBUST CHAT BI (BUSCA POR NOME)
============================================================

Traceback (most recent call last):
1. Buscando dados de exemplo no Parquet...
  File "C:\Users\AndrÚ\Documents\Agent_Solution_BI\backend\test_robust_chatbi_v2.py", line 39, in test_robust_chatbi_v2
    print(f"\u2705 Dados encontrados para teste:")
  File "C:\Program Files\Python311\Lib\encodings\cp1252.py", line 19, in encode
    return codecs.charmap_encode(input,self.errors,encoding_table)[0]
           ^^^^^^^^^^^^^^^^^^^^^^^^^^^^^^^^^^^^^^^^^^^^^^^^^^^^^^^
UnicodeEncodeError: 'charmap' codec can't encode character '\u2705' in position 0: character maps to <undefined>

During handling of the above exception, another exception occurred:

Traceback (most recent call last):
  File "C:\Users\AndrÚ\Documents\Agent_Solution_BI\backend\test_robust_chatbi_v2.py", line 100, in <module>
    test_robust_chatbi_v2()
  File "C:\Users\AndrÚ\Documents\Agent_Solution_BI\backend\test_robust_chatbi_v2.py", line 45, in test_robust_chatbi_v2
    print(f"\u274c Erro ao ler Parquet: {e}")
  File "C:\Program Files\Python311\Lib\encodings\cp1252.py", line 19, in encode
    return codecs.charmap_encode(input,self.errors,encoding_table)[0]
           ^^^^^^^^^^^^^^^^^^^^^^^^^^^^^^^^^^^^^^^^^^^^^^^^^^^^^^^
UnicodeEncodeError: 'charmap' codec can't encode character '\u274c' in position 0: character maps to <undefined>
